[]
[(1, 'asd', 'asd')]
[(1, 'asd', 'asd')]
[]
[(1, 'asd', 'asd')]
[(1, 'asd', 'asd')]
[(1, 'asd', 'asd')]
[(1, 'asd', 'asd')]
[(1, 'asd', 'asd')]
[(1, 'asd', 'asd')]
[(1, 'asd', 'asd')]
[(1, 'asd', 'asd')]
[(1, 'asd', 'asd')]
[(1, 'asd', 'asd')]
[(1, 'asd', 'asd')]
[(1, 'asd', 'asd')]
[(1, 'asd', 'asd')]
[(1, 'asd', 'asd')]
[(1, 'asd', 'asd')]
[(1, 'asd', 'asd')]
[(1, 'asd', 'asd')]
[(1, 'asd', 'asd')]
[(1, 'asd', 'asd')]
[(1, 'asd', 'asd')]
[(1, 'asd', 'asd')]
[(1, 'asd', 'asd')]
[(1, 'asd', 'asd')]
[(1, 'asd', 'asd')]
[(1, 'asd', 'asd')]
[(1, 'asd', 'asd'), (2, 'asda', 'asdada')]
[(1, 'asd', 'asd')]
[(1, 'asd', 'asd')]
[(1, 'asd', 'asd'), (2, 'asda', 'asdada')]
[(1, 'asd', 'asd'), (2, 'asda', 'asdada')]
[(1, 'asd', 'asd')]
[(1, 'asd', 'asd')]
[(1, 'asd', 'asd')]
[(1, 'asd', 'asd')]
[(1, 'asd', 'asd')]
[(1, 'asd', 'asd')]
[(1, 'asd', 'asd')]
[(1, 'asd', 'asd')]
[(1, 'asd', 'asd'), (2, 'asda', 'asdada')]
[(1, 'asd', 'asd'), (2, 'asda', 'asdada')]
[(1, 'asd', 'asd'), (2, 'asda', 'asdada')]
[(1, 'asd', 'asd'), (2, 'asda', 'asdada')]
[(1, 'asd', 'asd'), (2, 'asda', 'asdada')]
[(1, 'asd', 'asd'), (2, 'asda', 'asdada')]
[(1, 'asd', 'asd'), (2, 'asda', 'asdada')]
[(1, 'asd', 'asd'), (2, 'asda', 'asdada')]
MySQLCursor: SELECT * FROM loginData WHERE login = 'g..
[(1, 'asd', 'asd'), (2, 'asda', 'asdada')]
MySQLCursor: SELECT * FROM loginData WHERE login = 'g..
[(1, 'asd', 'asd'), (2, 'asda', 'asdada')]
[(1, 'asd', 'asd'), (2, 'asda', 'asdada')]
[(1, 'asd', 'asd'), (2, 'asda', 'asdada')]
[(1, 'asd', 'asd'), (2, 'asda', 'asdada')]
MySQLCursor: SELECT * FROM loginData WHERE login = 'g..
MySQLCursor: SELECT * FROM loginData WHERE login = 'a..
MySQLCursor: SELECT login, senha FROM loginData WHERE..
('Administrador do negócio',)
('Administrador do negócio',)
('Administrador do negócio',)
